Build started 11/23/2014 2:53:14 PM.
     1>Project "D:\msvc2013\src\SuiteSparse\Project\CAMD\CAMD.vcxproj" on node 2 (Build target(s)).
     1>ClCompile:
         C:\Program Files (x86)\Microsoft Visual Studio 12.0\VC\bin\x86_amd64\CL.exe /c /Zi /nologo /W3 /WX- /Od /D WIN32 /D _DEBUG /D _LIB /D _UNICODE /D UNICODE /Gm /EHsc /RTC1 /MDd /GS /fp:precise /Zc:wchar_t /Zc:forScope /Fo"x64\Debug\\" /Fd"x64\Debug\vc120.pdb" /Gd /TC /errorReport:prompt ..\..\CAMD\Source\camd_1.c ..\..\CAMD\Source\camd_2.c ..\..\CAMD\Source\camd_aat.c ..\..\CAMD\Source\camd_control.c ..\..\CAMD\Source\camd_defaults.c ..\..\CAMD\Source\camd_dump.c ..\..\CAMD\Source\camd_global.c ..\..\CAMD\Source\camd_info.c ..\..\CAMD\Source\camd_order.c ..\..\CAMD\Source\camd_postorder.c ..\..\CAMD\Source\camd_preprocess.c ..\..\CAMD\Source\camd_valid.c
         camd_valid.c
         camd_preprocess.c
         camd_postorder.c
         camd_order.c
     1>..\..\CAMD\Source\camd_order.c(187): warning C4267: 'function' : conversion from 'size_t' to 'int', possible loss of data
         camd_info.c
         camd_global.c
         camd_dump.c
         camd_defaults.c
         camd_control.c
         camd_aat.c
     1>..\..\CAMD\Source\camd_aat.c(179): warning C4244: '=' : conversion from 'size_t' to 'double', possible loss of data
         camd_2.c
     1>..\..\CAMD\Source\camd_2.c(727): warning C4244: '=' : conversion from 'double' to 'int', possible loss of data
         camd_1.c
         Generating Code...
       Lib:
         C:\Program Files (x86)\Microsoft Visual Studio 12.0\VC\bin\x86_amd64\Lib.exe /OUT:"D:\msvc2013\src\SuiteSparse\Project\x64\Debug\CAMD.lib" /NOLOGO /MACHINE:X64 x64\Debug\camd_1.obj
         x64\Debug\camd_2.obj
         x64\Debug\camd_aat.obj
         x64\Debug\camd_control.obj
         x64\Debug\camd_defaults.obj
         x64\Debug\camd_dump.obj
         x64\Debug\camd_global.obj
         x64\Debug\camd_info.obj
         x64\Debug\camd_order.obj
         x64\Debug\camd_postorder.obj
         x64\Debug\camd_preprocess.obj
         x64\Debug\camd_valid.obj
         CAMD.vcxproj -> D:\msvc2013\src\SuiteSparse\Project\x64\Debug\CAMD.lib
     1>Done Building Project "D:\msvc2013\src\SuiteSparse\Project\CAMD\CAMD.vcxproj" (Build target(s)).

Build succeeded.

Time Elapsed 00:00:00.59
